<?xml version="1.0" encoding="UTF-8"?>
<coverage generated="1643958353742" clover="3.2.0">
  <project timestamp="1643958353742" name="All files">
    <metrics statements="135" coveredstatements="86" conditionals="110" coveredconditionals="50" methods="21" coveredmethods="17" elements="266" coveredelements="153" complexity="0" loc="135" ncloc="135" packages="1" files="2" classes="2"/>
    <file name="routes.js" path="/Users/ariannalangwang/Documents/-MCIT/CIS550/HOMEWORK/Homework_02/homework2/server/routes.js">
      <metrics statements="117" coveredstatements="68" conditionals="110" coveredconditionals="50" methods="20" coveredmethods="16"/>
      <line num="3" count="1" type="stmt"/>
      <line num="4" count="1" type="stmt"/>
      <line num="5" count="1" type="stmt"/>
      <line num="8" count="1" type="stmt"/>
      <line num="15" count="1" type="stmt"/>
      <line num="25" count="2" type="cond" truecount="2" falsecount="0"/>
      <line num="26" count="1" type="stmt"/>
      <line num="28" count="1" type="stmt"/>
      <line num="39" count="21" type="stmt"/>
      <line num="40" count="21" type="stmt"/>
      <line num="41" count="21" type="cond" truecount="2" falsecount="0"/>
      <line num="43" count="21" type="cond" truecount="2" falsecount="0"/>
      <line num="45" count="10" type="stmt"/>
      <line num="46" count="11" type="cond" truecount="2" falsecount="0"/>
      <line num="47" count="10" type="stmt"/>
      <line num="49" count="10" type="stmt"/>
      <line num="52" count="1" type="stmt"/>
      <line num="68" count="1" type="cond" truecount="1" falsecount="1"/>
      <line num="71" count="1" type="cond" truecount="2" falsecount="2"/>
      <line num="74" count="0" type="stmt"/>
      <line num="75" count="0" type="cond" truecount="0" falsecount="2"/>
      <line num="76" count="0" type="stmt"/>
      <line num="83" count="0" type="cond" truecount="0" falsecount="2"/>
      <line num="84" count="0" type="stmt"/>
      <line num="85" count="0" type="stmt"/>
      <line num="86" count="0" type="cond" truecount="0" falsecount="2"/>
      <line num="87" count="0" type="stmt"/>
      <line num="92" count="1" type="stmt"/>
      <line num="97" count="1" type="cond" truecount="1" falsecount="1"/>
      <line num="98" count="0" type="stmt"/>
      <line num="99" count="0" type="stmt"/>
      <line num="100" count="1" type="cond" truecount="1" falsecount="1"/>
      <line num="101" count="1" type="stmt"/>
      <line num="110" count="1" type="cond" truecount="2" falsecount="2"/>
      <line num="114" count="0" type="stmt"/>
      <line num="115" count="0" type="cond" truecount="0" falsecount="2"/>
      <line num="116" count="0" type="stmt"/>
      <line num="121" count="0" type="cond" truecount="0" falsecount="2"/>
      <line num="122" count="0" type="stmt"/>
      <line num="123" count="0" type="stmt"/>
      <line num="124" count="0" type="cond" truecount="0" falsecount="2"/>
      <line num="125" count="0" type="stmt"/>
      <line num="129" count="1" type="stmt"/>
      <line num="132" count="1" type="cond" truecount="1" falsecount="1"/>
      <line num="133" count="0" type="stmt"/>
      <line num="134" count="0" type="stmt"/>
      <line num="135" count="1" type="cond" truecount="1" falsecount="1"/>
      <line num="136" count="1" type="stmt"/>
      <line num="150" count="1" type="cond" truecount="3" falsecount="1"/>
      <line num="152" count="1" type="stmt"/>
      <line num="153" count="1" type="stmt"/>
      <line num="164" count="1" type="cond" truecount="1" falsecount="1"/>
      <line num="165" count="0" type="stmt"/>
      <line num="166" count="0" type="stmt"/>
      <line num="167" count="1" type="cond" truecount="1" falsecount="1"/>
      <line num="168" count="1" type="stmt"/>
      <line num="181" count="2" type="cond" truecount="3" falsecount="1"/>
      <line num="183" count="2" type="stmt"/>
      <line num="184" count="2" type="stmt"/>
      <line num="188" count="2" type="cond" truecount="1" falsecount="1"/>
      <line num="189" count="0" type="stmt"/>
      <line num="190" count="0" type="stmt"/>
      <line num="192" count="2" type="cond" truecount="1" falsecount="1"/>
      <line num="193" count="2" type="cond" truecount="2" falsecount="0"/>
      <line num="194" count="1" type="stmt"/>
      <line num="200" count="1" type="cond" truecount="1" falsecount="1"/>
      <line num="201" count="0" type="stmt"/>
      <line num="202" count="0" type="stmt"/>
      <line num="203" count="1" type="cond" truecount="1" falsecount="1"/>
      <line num="204" count="1" type="stmt"/>
      <line num="208" count="1" type="stmt"/>
      <line num="214" count="1" type="cond" truecount="1" falsecount="1"/>
      <line num="215" count="0" type="stmt"/>
      <line num="216" count="0" type="stmt"/>
      <line num="217" count="1" type="cond" truecount="1" falsecount="1"/>
      <line num="218" count="1" type="stmt"/>
      <line num="223" count="0" type="stmt"/>
      <line num="239" count="1" type="cond" truecount="1" falsecount="1"/>
      <line num="240" count="1" type="cond" truecount="1" falsecount="1"/>
      <line num="241" count="1" type="cond" truecount="2" falsecount="2"/>
      <line num="244" count="0" type="stmt"/>
      <line num="245" count="0" type="cond" truecount="0" falsecount="2"/>
      <line num="246" count="0" type="stmt"/>
      <line num="252" count="0" type="cond" truecount="0" falsecount="2"/>
      <line num="253" count="0" type="stmt"/>
      <line num="254" count="0" type="stmt"/>
      <line num="255" count="0" type="cond" truecount="0" falsecount="2"/>
      <line num="256" count="0" type="stmt"/>
      <line num="260" count="1" type="stmt"/>
      <line num="265" count="1" type="cond" truecount="1" falsecount="1"/>
      <line num="266" count="0" type="stmt"/>
      <line num="267" count="0" type="stmt"/>
      <line num="268" count="1" type="cond" truecount="1" falsecount="1"/>
      <line num="269" count="1" type="stmt"/>
      <line num="279" count="1" type="cond" truecount="1" falsecount="1"/>
      <line num="280" count="1" type="cond" truecount="1" falsecount="1"/>
      <line num="281" count="1" type="cond" truecount="1" falsecount="1"/>
      <line num="282" count="1" type="cond" truecount="1" falsecount="1"/>
      <line num="283" count="1" type="cond" truecount="1" falsecount="1"/>
      <line num="284" count="1" type="cond" truecount="1" falsecount="1"/>
      <line num="285" count="1" type="cond" truecount="1" falsecount="1"/>
      <line num="287" count="1" type="cond" truecount="2" falsecount="2"/>
      <line num="290" count="0" type="stmt"/>
      <line num="291" count="0" type="cond" truecount="0" falsecount="2"/>
      <line num="292" count="0" type="stmt"/>
      <line num="301" count="0" type="cond" truecount="0" falsecount="2"/>
      <line num="302" count="0" type="stmt"/>
      <line num="303" count="0" type="stmt"/>
      <line num="304" count="0" type="cond" truecount="0" falsecount="2"/>
      <line num="305" count="0" type="stmt"/>
      <line num="309" count="1" type="stmt"/>
      <line num="317" count="1" type="cond" truecount="1" falsecount="1"/>
      <line num="318" count="0" type="stmt"/>
      <line num="319" count="0" type="stmt"/>
      <line num="320" count="1" type="cond" truecount="1" falsecount="1"/>
      <line num="321" count="1" type="stmt"/>
      <line num="327" count="1" type="stmt"/>
    </file>
    <file name="server.js" path="/Users/ariannalangwang/Documents/-MCIT/CIS550/HOMEWORK/Homework_02/homework2/server/server.js">
      <metrics statements="18" coveredstatements="18" conditionals="0" coveredconditionals="0" methods="1" coveredmethods="1"/>
      <line num="1" count="1" type="stmt"/>
      <line num="2" count="1" type="stmt"/>
      <line num="3" count="1" type="stmt"/>
      <line num="6" count="1" type="stmt"/>
      <line num="7" count="1" type="stmt"/>
      <line num="9" count="1" type="stmt"/>
      <line num="12" count="1" type="stmt"/>
      <line num="15" count="1" type="stmt"/>
      <line num="18" count="1" type="stmt"/>
      <line num="21" count="1" type="stmt"/>
      <line num="24" count="1" type="stmt"/>
      <line num="27" count="1" type="stmt"/>
      <line num="30" count="1" type="stmt"/>
      <line num="33" count="1" type="stmt"/>
      <line num="36" count="1" type="stmt"/>
      <line num="42" count="1" type="stmt"/>
      <line num="43" count="1" type="stmt"/>
      <line num="46" count="1" type="stmt"/>
    </file>
  </project>
</coverage>
