{"/Users/ariannalangwang/Documents/-MCIT/CIS550/HOMEWORK/Homework_02/homework2/server/routes.js": {"path":"/Users/ariannalangwang/Documents/-MCIT/CIS550/HOMEWORK/Homework_02/homework2/server/routes.js","statementMap":{"0":{"start":{"line":3,"column":15},"end":{"line":3,"column":39}},"1":{"start":{"line":4,"column":14},"end":{"line":4,"column":30}},"2":{"start":{"line":5,"column":10},"end":{"line":5,"column":28}},"3":{"start":{"line":8,"column":19},"end":{"line":14,"column":2}},"4":{"start":{"line":15,"column":0},"end":{"line":15,"column":21}},"5":{"start":{"line":25,"column":4},"end":{"line":29,"column":5}},"6":{"start":{"line":26,"column":8},"end":{"line":26,"column":73}},"7":{"start":{"line":28,"column":8},"end":{"line":28,"column":54}},"8":{"start":{"line":39,"column":19},"end":{"line":39,"column":43}},"9":{"start":{"line":40,"column":26},"end":{"line":40,"column":60}},"10":{"start":{"line":41,"column":17},"end":{"line":41,"column":59}},"11":{"start":{"line":43,"column":4},"end":{"line":53,"column":5}},"12":{"start":{"line":45,"column":8},"end":{"line":45,"column":78}},"13":{"start":{"line":46,"column":11},"end":{"line":53,"column":5}},"14":{"start":{"line":47,"column":32},"end":{"line":47,"column":61}},"15":{"start":{"line":49,"column":8},"end":{"line":49,"column":89}},"16":{"start":{"line":52,"column":8},"end":{"line":52,"column":69}},"17":{"start":{"line":68,"column":19},"end":{"line":68,"column":63}},"18":{"start":{"line":71,"column":4},"end":{"line":104,"column":5}},"19":{"start":{"line":74,"column":21},"end":{"line":74,"column":35}},"20":{"start":{"line":75,"column":25},"end":{"line":75,"column":69}},"21":{"start":{"line":76,"column":8},"end":{"line":89,"column":11}},"22":{"start":{"line":83,"column":12},"end":{"line":88,"column":13}},"23":{"start":{"line":84,"column":16},"end":{"line":84,"column":34}},"24":{"start":{"line":85,"column":16},"end":{"line":85,"column":42}},"25":{"start":{"line":86,"column":19},"end":{"line":88,"column":13}},"26":{"start":{"line":87,"column":16},"end":{"line":87,"column":46}},"27":{"start":{"line":92,"column":8},"end":{"line":103,"column":11}},"28":{"start":{"line":97,"column":12},"end":{"line":102,"column":13}},"29":{"start":{"line":98,"column":16},"end":{"line":98,"column":34}},"30":{"start":{"line":99,"column":16},"end":{"line":99,"column":42}},"31":{"start":{"line":100,"column":19},"end":{"line":102,"column":13}},"32":{"start":{"line":101,"column":16},"end":{"line":101,"column":46}},"33":{"start":{"line":110,"column":4},"end":{"line":139,"column":5}},"34":{"start":{"line":114,"column":21},"end":{"line":114,"column":35}},"35":{"start":{"line":115,"column":25},"end":{"line":115,"column":69}},"36":{"start":{"line":116,"column":8},"end":{"line":127,"column":11}},"37":{"start":{"line":121,"column":12},"end":{"line":126,"column":13}},"38":{"start":{"line":122,"column":16},"end":{"line":122,"column":34}},"39":{"start":{"line":123,"column":16},"end":{"line":123,"column":42}},"40":{"start":{"line":124,"column":19},"end":{"line":126,"column":13}},"41":{"start":{"line":125,"column":16},"end":{"line":125,"column":46}},"42":{"start":{"line":129,"column":8},"end":{"line":138,"column":11}},"43":{"start":{"line":132,"column":12},"end":{"line":137,"column":13}},"44":{"start":{"line":133,"column":16},"end":{"line":133,"column":34}},"45":{"start":{"line":134,"column":16},"end":{"line":134,"column":42}},"46":{"start":{"line":135,"column":19},"end":{"line":137,"column":13}},"47":{"start":{"line":136,"column":16},"end":{"line":136,"column":46}},"48":{"start":{"line":150,"column":4},"end":{"line":171,"column":5}},"49":{"start":{"line":152,"column":19},"end":{"line":152,"column":31}},"50":{"start":{"line":153,"column":8},"end":{"line":170,"column":11}},"51":{"start":{"line":164,"column":12},"end":{"line":169,"column":13}},"52":{"start":{"line":165,"column":16},"end":{"line":165,"column":34}},"53":{"start":{"line":166,"column":16},"end":{"line":166,"column":41}},"54":{"start":{"line":167,"column":19},"end":{"line":169,"column":13}},"55":{"start":{"line":168,"column":16},"end":{"line":168,"column":46}},"56":{"start":{"line":181,"column":4},"end":{"line":226,"column":5}},"57":{"start":{"line":183,"column":19},"end":{"line":183,"column":31}},"58":{"start":{"line":184,"column":8},"end":{"line":225,"column":11}},"59":{"start":{"line":188,"column":12},"end":{"line":224,"column":13}},"60":{"start":{"line":189,"column":16},"end":{"line":189,"column":34}},"61":{"start":{"line":190,"column":16},"end":{"line":190,"column":41}},"62":{"start":{"line":192,"column":19},"end":{"line":224,"column":13}},"63":{"start":{"line":193,"column":16},"end":{"line":221,"column":17}},"64":{"start":{"line":194,"column":20},"end":{"line":206,"column":23}},"65":{"start":{"line":200,"column":24},"end":{"line":205,"column":25}},"66":{"start":{"line":201,"column":28},"end":{"line":201,"column":46}},"67":{"start":{"line":202,"column":28},"end":{"line":202,"column":54}},"68":{"start":{"line":203,"column":31},"end":{"line":205,"column":25}},"69":{"start":{"line":204,"column":28},"end":{"line":204,"column":58}},"70":{"start":{"line":208,"column":20},"end":{"line":220,"column":23}},"71":{"start":{"line":214,"column":24},"end":{"line":219,"column":25}},"72":{"start":{"line":215,"column":28},"end":{"line":215,"column":46}},"73":{"start":{"line":216,"column":28},"end":{"line":216,"column":54}},"74":{"start":{"line":217,"column":31},"end":{"line":219,"column":25}},"75":{"start":{"line":218,"column":28},"end":{"line":218,"column":58}},"76":{"start":{"line":223,"column":16},"end":{"line":223,"column":41}},"77":{"start":{"line":239,"column":17},"end":{"line":239,"column":53}},"78":{"start":{"line":240,"column":17},"end":{"line":240,"column":53}},"79":{"start":{"line":241,"column":4},"end":{"line":272,"column":5}},"80":{"start":{"line":244,"column":21},"end":{"line":244,"column":35}},"81":{"start":{"line":245,"column":25},"end":{"line":245,"column":69}},"82":{"start":{"line":246,"column":8},"end":{"line":258,"column":11}},"83":{"start":{"line":252,"column":12},"end":{"line":257,"column":13}},"84":{"start":{"line":253,"column":16},"end":{"line":253,"column":34}},"85":{"start":{"line":254,"column":16},"end":{"line":254,"column":41}},"86":{"start":{"line":255,"column":19},"end":{"line":257,"column":13}},"87":{"start":{"line":256,"column":16},"end":{"line":256,"column":46}},"88":{"start":{"line":260,"column":8},"end":{"line":271,"column":11}},"89":{"start":{"line":265,"column":12},"end":{"line":270,"column":13}},"90":{"start":{"line":266,"column":16},"end":{"line":266,"column":34}},"91":{"start":{"line":267,"column":16},"end":{"line":267,"column":41}},"92":{"start":{"line":268,"column":19},"end":{"line":270,"column":13}},"93":{"start":{"line":269,"column":16},"end":{"line":269,"column":46}},"94":{"start":{"line":279,"column":17},"end":{"line":279,"column":53}},"95":{"start":{"line":280,"column":24},"end":{"line":280,"column":74}},"96":{"start":{"line":281,"column":17},"end":{"line":281,"column":53}},"97":{"start":{"line":282,"column":22},"end":{"line":282,"column":67}},"98":{"start":{"line":283,"column":23},"end":{"line":283,"column":72}},"99":{"start":{"line":284,"column":25},"end":{"line":284,"column":76}},"100":{"start":{"line":285,"column":26},"end":{"line":285,"column":81}},"101":{"start":{"line":287,"column":4},"end":{"line":324,"column":5}},"102":{"start":{"line":290,"column":21},"end":{"line":290,"column":35}},"103":{"start":{"line":291,"column":25},"end":{"line":291,"column":69}},"104":{"start":{"line":292,"column":8},"end":{"line":307,"column":11}},"105":{"start":{"line":301,"column":12},"end":{"line":306,"column":13}},"106":{"start":{"line":302,"column":16},"end":{"line":302,"column":34}},"107":{"start":{"line":303,"column":16},"end":{"line":303,"column":41}},"108":{"start":{"line":304,"column":19},"end":{"line":306,"column":13}},"109":{"start":{"line":305,"column":16},"end":{"line":305,"column":46}},"110":{"start":{"line":309,"column":8},"end":{"line":323,"column":11}},"111":{"start":{"line":317,"column":12},"end":{"line":322,"column":13}},"112":{"start":{"line":318,"column":16},"end":{"line":318,"column":34}},"113":{"start":{"line":319,"column":16},"end":{"line":319,"column":41}},"114":{"start":{"line":320,"column":19},"end":{"line":322,"column":13}},"115":{"start":{"line":321,"column":16},"end":{"line":321,"column":46}},"116":{"start":{"line":327,"column":0},"end":{"line":336,"column":1}}},"fnMap":{"0":{"name":"hello","decl":{"start":{"line":23,"column":15},"end":{"line":23,"column":20}},"loc":{"start":{"line":23,"column":31},"end":{"line":30,"column":1}},"line":23},"1":{"name":"jersey","decl":{"start":{"line":38,"column":15},"end":{"line":38,"column":21}},"loc":{"start":{"line":38,"column":32},"end":{"line":54,"column":1}},"line":38},"2":{"name":"all_matches","decl":{"start":{"line":62,"column":15},"end":{"line":62,"column":26}},"loc":{"start":{"line":62,"column":37},"end":{"line":105,"column":1}},"line":62},"3":{"name":"(anonymous_3)","decl":{"start":{"line":81,"column":75},"end":{"line":81,"column":76}},"loc":{"start":{"line":81,"column":109},"end":{"line":89,"column":9}},"line":81},"4":{"name":"(anonymous_4)","decl":{"start":{"line":96,"column":56},"end":{"line":96,"column":57}},"loc":{"start":{"line":96,"column":90},"end":{"line":103,"column":9}},"line":96},"5":{"name":"all_players","decl":{"start":{"line":108,"column":15},"end":{"line":108,"column":26}},"loc":{"start":{"line":108,"column":37},"end":{"line":140,"column":1}},"line":108},"6":{"name":"(anonymous_6)","decl":{"start":{"line":119,"column":75},"end":{"line":119,"column":76}},"loc":{"start":{"line":119,"column":109},"end":{"line":127,"column":9}},"line":119},"7":{"name":"(anonymous_7)","decl":{"start":{"line":131,"column":42},"end":{"line":131,"column":43}},"loc":{"start":{"line":131,"column":76},"end":{"line":138,"column":9}},"line":131},"8":{"name":"match","decl":{"start":{"line":148,"column":15},"end":{"line":148,"column":20}},"loc":{"start":{"line":148,"column":31},"end":{"line":172,"column":1}},"line":148},"9":{"name":"(anonymous_9)","decl":{"start":{"line":163,"column":50},"end":{"line":163,"column":51}},"loc":{"start":{"line":163,"column":84},"end":{"line":170,"column":9}},"line":163},"10":{"name":"player","decl":{"start":{"line":179,"column":15},"end":{"line":179,"column":21}},"loc":{"start":{"line":179,"column":32},"end":{"line":227,"column":1}},"line":179},"11":{"name":"(anonymous_11)","decl":{"start":{"line":187,"column":49},"end":{"line":187,"column":50}},"loc":{"start":{"line":187,"column":83},"end":{"line":225,"column":9}},"line":187},"12":{"name":"(anonymous_12)","decl":{"start":{"line":199,"column":63},"end":{"line":199,"column":64}},"loc":{"start":{"line":199,"column":97},"end":{"line":206,"column":21}},"line":199},"13":{"name":"(anonymous_13)","decl":{"start":{"line":213,"column":63},"end":{"line":213,"column":64}},"loc":{"start":{"line":213,"column":97},"end":{"line":220,"column":21}},"line":213},"14":{"name":"search_matches","decl":{"start":{"line":236,"column":15},"end":{"line":236,"column":29}},"loc":{"start":{"line":236,"column":40},"end":{"line":273,"column":1}},"line":236},"15":{"name":"(anonymous_15)","decl":{"start":{"line":251,"column":75},"end":{"line":251,"column":76}},"loc":{"start":{"line":251,"column":109},"end":{"line":258,"column":9}},"line":251},"16":{"name":"(anonymous_16)","decl":{"start":{"line":264,"column":56},"end":{"line":264,"column":57}},"loc":{"start":{"line":264,"column":90},"end":{"line":271,"column":9}},"line":264},"17":{"name":"search_players","decl":{"start":{"line":276,"column":15},"end":{"line":276,"column":29}},"loc":{"start":{"line":276,"column":40},"end":{"line":325,"column":1}},"line":276},"18":{"name":"(anonymous_18)","decl":{"start":{"line":300,"column":75},"end":{"line":300,"column":76}},"loc":{"start":{"line":300,"column":109},"end":{"line":307,"column":9}},"line":300},"19":{"name":"(anonymous_19)","decl":{"start":{"line":316,"column":42},"end":{"line":316,"column":43}},"loc":{"start":{"line":316,"column":76},"end":{"line":323,"column":9}},"line":316}},"branchMap":{"0":{"loc":{"start":{"line":25,"column":4},"end":{"line":29,"column":5}},"type":"if","locations":[{"start":{"line":25,"column":4},"end":{"line":29,"column":5}},{"start":{"line":25,"column":4},"end":{"line":29,"column":5}}],"line":25},"1":{"loc":{"start":{"line":41,"column":17},"end":{"line":41,"column":59}},"type":"cond-expr","locations":[{"start":{"line":41,"column":34},"end":{"line":41,"column":48}},{"start":{"line":41,"column":51},"end":{"line":41,"column":59}}],"line":41},"2":{"loc":{"start":{"line":43,"column":4},"end":{"line":53,"column":5}},"type":"if","locations":[{"start":{"line":43,"column":4},"end":{"line":53,"column":5}},{"start":{"line":43,"column":4},"end":{"line":53,"column":5}}],"line":43},"3":{"loc":{"start":{"line":46,"column":11},"end":{"line":53,"column":5}},"type":"if","locations":[{"start":{"line":46,"column":11},"end":{"line":53,"column":5}},{"start":{"line":46,"column":11},"end":{"line":53,"column":5}}],"line":46},"4":{"loc":{"start":{"line":68,"column":19},"end":{"line":68,"column":63}},"type":"cond-expr","locations":[{"start":{"line":68,"column":39},"end":{"line":68,"column":56}},{"start":{"line":68,"column":59},"end":{"line":68,"column":63}}],"line":68},"5":{"loc":{"start":{"line":71,"column":4},"end":{"line":104,"column":5}},"type":"if","locations":[{"start":{"line":71,"column":4},"end":{"line":104,"column":5}},{"start":{"line":71,"column":4},"end":{"line":104,"column":5}}],"line":71},"6":{"loc":{"start":{"line":71,"column":8},"end":{"line":71,"column":48}},"type":"binary-expr","locations":[{"start":{"line":71,"column":8},"end":{"line":71,"column":22}},{"start":{"line":71,"column":26},"end":{"line":71,"column":48}}],"line":71},"7":{"loc":{"start":{"line":75,"column":25},"end":{"line":75,"column":69}},"type":"cond-expr","locations":[{"start":{"line":75,"column":46},"end":{"line":75,"column":64}},{"start":{"line":75,"column":67},"end":{"line":75,"column":69}}],"line":75},"8":{"loc":{"start":{"line":83,"column":12},"end":{"line":88,"column":13}},"type":"if","locations":[{"start":{"line":83,"column":12},"end":{"line":88,"column":13}},{"start":{"line":83,"column":12},"end":{"line":88,"column":13}}],"line":83},"9":{"loc":{"start":{"line":86,"column":19},"end":{"line":88,"column":13}},"type":"if","locations":[{"start":{"line":86,"column":19},"end":{"line":88,"column":13}},{"start":{"line":86,"column":19},"end":{"line":88,"column":13}}],"line":86},"10":{"loc":{"start":{"line":97,"column":12},"end":{"line":102,"column":13}},"type":"if","locations":[{"start":{"line":97,"column":12},"end":{"line":102,"column":13}},{"start":{"line":97,"column":12},"end":{"line":102,"column":13}}],"line":97},"11":{"loc":{"start":{"line":100,"column":19},"end":{"line":102,"column":13}},"type":"if","locations":[{"start":{"line":100,"column":19},"end":{"line":102,"column":13}},{"start":{"line":100,"column":19},"end":{"line":102,"column":13}}],"line":100},"12":{"loc":{"start":{"line":110,"column":4},"end":{"line":139,"column":5}},"type":"if","locations":[{"start":{"line":110,"column":4},"end":{"line":139,"column":5}},{"start":{"line":110,"column":4},"end":{"line":139,"column":5}}],"line":110},"13":{"loc":{"start":{"line":110,"column":8},"end":{"line":110,"column":48}},"type":"binary-expr","locations":[{"start":{"line":110,"column":8},"end":{"line":110,"column":22}},{"start":{"line":110,"column":26},"end":{"line":110,"column":48}}],"line":110},"14":{"loc":{"start":{"line":115,"column":25},"end":{"line":115,"column":69}},"type":"cond-expr","locations":[{"start":{"line":115,"column":46},"end":{"line":115,"column":64}},{"start":{"line":115,"column":67},"end":{"line":115,"column":69}}],"line":115},"15":{"loc":{"start":{"line":121,"column":12},"end":{"line":126,"column":13}},"type":"if","locations":[{"start":{"line":121,"column":12},"end":{"line":126,"column":13}},{"start":{"line":121,"column":12},"end":{"line":126,"column":13}}],"line":121},"16":{"loc":{"start":{"line":124,"column":19},"end":{"line":126,"column":13}},"type":"if","locations":[{"start":{"line":124,"column":19},"end":{"line":126,"column":13}},{"start":{"line":124,"column":19},"end":{"line":126,"column":13}}],"line":124},"17":{"loc":{"start":{"line":132,"column":12},"end":{"line":137,"column":13}},"type":"if","locations":[{"start":{"line":132,"column":12},"end":{"line":137,"column":13}},{"start":{"line":132,"column":12},"end":{"line":137,"column":13}}],"line":132},"18":{"loc":{"start":{"line":135,"column":19},"end":{"line":137,"column":13}},"type":"if","locations":[{"start":{"line":135,"column":19},"end":{"line":137,"column":13}},{"start":{"line":135,"column":19},"end":{"line":137,"column":13}}],"line":135},"19":{"loc":{"start":{"line":150,"column":4},"end":{"line":171,"column":5}},"type":"if","locations":[{"start":{"line":150,"column":4},"end":{"line":171,"column":5}},{"start":{"line":150,"column":4},"end":{"line":171,"column":5}}],"line":150},"20":{"loc":{"start":{"line":150,"column":8},"end":{"line":150,"column":44}},"type":"binary-expr","locations":[{"start":{"line":150,"column":8},"end":{"line":150,"column":20}},{"start":{"line":150,"column":24},"end":{"line":150,"column":44}}],"line":150},"21":{"loc":{"start":{"line":164,"column":12},"end":{"line":169,"column":13}},"type":"if","locations":[{"start":{"line":164,"column":12},"end":{"line":169,"column":13}},{"start":{"line":164,"column":12},"end":{"line":169,"column":13}}],"line":164},"22":{"loc":{"start":{"line":167,"column":19},"end":{"line":169,"column":13}},"type":"if","locations":[{"start":{"line":167,"column":19},"end":{"line":169,"column":13}},{"start":{"line":167,"column":19},"end":{"line":169,"column":13}}],"line":167},"23":{"loc":{"start":{"line":181,"column":4},"end":{"line":226,"column":5}},"type":"if","locations":[{"start":{"line":181,"column":4},"end":{"line":226,"column":5}},{"start":{"line":181,"column":4},"end":{"line":226,"column":5}}],"line":181},"24":{"loc":{"start":{"line":181,"column":8},"end":{"line":181,"column":44}},"type":"binary-expr","locations":[{"start":{"line":181,"column":8},"end":{"line":181,"column":20}},{"start":{"line":181,"column":24},"end":{"line":181,"column":44}}],"line":181},"25":{"loc":{"start":{"line":188,"column":12},"end":{"line":224,"column":13}},"type":"if","locations":[{"start":{"line":188,"column":12},"end":{"line":224,"column":13}},{"start":{"line":188,"column":12},"end":{"line":224,"column":13}}],"line":188},"26":{"loc":{"start":{"line":192,"column":19},"end":{"line":224,"column":13}},"type":"if","locations":[{"start":{"line":192,"column":19},"end":{"line":224,"column":13}},{"start":{"line":192,"column":19},"end":{"line":224,"column":13}}],"line":192},"27":{"loc":{"start":{"line":193,"column":16},"end":{"line":221,"column":17}},"type":"if","locations":[{"start":{"line":193,"column":16},"end":{"line":221,"column":17}},{"start":{"line":193,"column":16},"end":{"line":221,"column":17}}],"line":193},"28":{"loc":{"start":{"line":200,"column":24},"end":{"line":205,"column":25}},"type":"if","locations":[{"start":{"line":200,"column":24},"end":{"line":205,"column":25}},{"start":{"line":200,"column":24},"end":{"line":205,"column":25}}],"line":200},"29":{"loc":{"start":{"line":203,"column":31},"end":{"line":205,"column":25}},"type":"if","locations":[{"start":{"line":203,"column":31},"end":{"line":205,"column":25}},{"start":{"line":203,"column":31},"end":{"line":205,"column":25}}],"line":203},"30":{"loc":{"start":{"line":214,"column":24},"end":{"line":219,"column":25}},"type":"if","locations":[{"start":{"line":214,"column":24},"end":{"line":219,"column":25}},{"start":{"line":214,"column":24},"end":{"line":219,"column":25}}],"line":214},"31":{"loc":{"start":{"line":217,"column":31},"end":{"line":219,"column":25}},"type":"if","locations":[{"start":{"line":217,"column":31},"end":{"line":219,"column":25}},{"start":{"line":217,"column":31},"end":{"line":219,"column":25}}],"line":217},"32":{"loc":{"start":{"line":239,"column":17},"end":{"line":239,"column":53}},"type":"cond-expr","locations":[{"start":{"line":239,"column":34},"end":{"line":239,"column":48}},{"start":{"line":239,"column":51},"end":{"line":239,"column":53}}],"line":239},"33":{"loc":{"start":{"line":240,"column":17},"end":{"line":240,"column":53}},"type":"cond-expr","locations":[{"start":{"line":240,"column":34},"end":{"line":240,"column":48}},{"start":{"line":240,"column":51},"end":{"line":240,"column":53}}],"line":240},"34":{"loc":{"start":{"line":241,"column":4},"end":{"line":272,"column":5}},"type":"if","locations":[{"start":{"line":241,"column":4},"end":{"line":272,"column":5}},{"start":{"line":241,"column":4},"end":{"line":272,"column":5}}],"line":241},"35":{"loc":{"start":{"line":241,"column":8},"end":{"line":241,"column":48}},"type":"binary-expr","locations":[{"start":{"line":241,"column":8},"end":{"line":241,"column":22}},{"start":{"line":241,"column":26},"end":{"line":241,"column":48}}],"line":241},"36":{"loc":{"start":{"line":245,"column":25},"end":{"line":245,"column":69}},"type":"cond-expr","locations":[{"start":{"line":245,"column":46},"end":{"line":245,"column":64}},{"start":{"line":245,"column":67},"end":{"line":245,"column":69}}],"line":245},"37":{"loc":{"start":{"line":252,"column":12},"end":{"line":257,"column":13}},"type":"if","locations":[{"start":{"line":252,"column":12},"end":{"line":257,"column":13}},{"start":{"line":252,"column":12},"end":{"line":257,"column":13}}],"line":252},"38":{"loc":{"start":{"line":255,"column":19},"end":{"line":257,"column":13}},"type":"if","locations":[{"start":{"line":255,"column":19},"end":{"line":257,"column":13}},{"start":{"line":255,"column":19},"end":{"line":257,"column":13}}],"line":255},"39":{"loc":{"start":{"line":265,"column":12},"end":{"line":270,"column":13}},"type":"if","locations":[{"start":{"line":265,"column":12},"end":{"line":270,"column":13}},{"start":{"line":265,"column":12},"end":{"line":270,"column":13}}],"line":265},"40":{"loc":{"start":{"line":268,"column":19},"end":{"line":270,"column":13}},"type":"if","locations":[{"start":{"line":268,"column":19},"end":{"line":270,"column":13}},{"start":{"line":268,"column":19},"end":{"line":270,"column":13}}],"line":268},"41":{"loc":{"start":{"line":279,"column":17},"end":{"line":279,"column":53}},"type":"cond-expr","locations":[{"start":{"line":279,"column":34},"end":{"line":279,"column":48}},{"start":{"line":279,"column":51},"end":{"line":279,"column":53}}],"line":279},"42":{"loc":{"start":{"line":280,"column":24},"end":{"line":280,"column":74}},"type":"cond-expr","locations":[{"start":{"line":280,"column":48},"end":{"line":280,"column":69}},{"start":{"line":280,"column":72},"end":{"line":280,"column":74}}],"line":280},"43":{"loc":{"start":{"line":281,"column":17},"end":{"line":281,"column":53}},"type":"cond-expr","locations":[{"start":{"line":281,"column":34},"end":{"line":281,"column":48}},{"start":{"line":281,"column":51},"end":{"line":281,"column":53}}],"line":281},"44":{"loc":{"start":{"line":282,"column":22},"end":{"line":282,"column":67}},"type":"cond-expr","locations":[{"start":{"line":282,"column":44},"end":{"line":282,"column":63}},{"start":{"line":282,"column":66},"end":{"line":282,"column":67}}],"line":282},"45":{"loc":{"start":{"line":283,"column":23},"end":{"line":283,"column":72}},"type":"cond-expr","locations":[{"start":{"line":283,"column":46},"end":{"line":283,"column":66}},{"start":{"line":283,"column":69},"end":{"line":283,"column":72}}],"line":283},"46":{"loc":{"start":{"line":284,"column":25},"end":{"line":284,"column":76}},"type":"cond-expr","locations":[{"start":{"line":284,"column":50},"end":{"line":284,"column":72}},{"start":{"line":284,"column":75},"end":{"line":284,"column":76}}],"line":284},"47":{"loc":{"start":{"line":285,"column":26},"end":{"line":285,"column":81}},"type":"cond-expr","locations":[{"start":{"line":285,"column":52},"end":{"line":285,"column":75}},{"start":{"line":285,"column":78},"end":{"line":285,"column":81}}],"line":285},"48":{"loc":{"start":{"line":287,"column":4},"end":{"line":324,"column":5}},"type":"if","locations":[{"start":{"line":287,"column":4},"end":{"line":324,"column":5}},{"start":{"line":287,"column":4},"end":{"line":324,"column":5}}],"line":287},"49":{"loc":{"start":{"line":287,"column":8},"end":{"line":287,"column":48}},"type":"binary-expr","locations":[{"start":{"line":287,"column":8},"end":{"line":287,"column":22}},{"start":{"line":287,"column":26},"end":{"line":287,"column":48}}],"line":287},"50":{"loc":{"start":{"line":291,"column":25},"end":{"line":291,"column":69}},"type":"cond-expr","locations":[{"start":{"line":291,"column":46},"end":{"line":291,"column":64}},{"start":{"line":291,"column":67},"end":{"line":291,"column":69}}],"line":291},"51":{"loc":{"start":{"line":301,"column":12},"end":{"line":306,"column":13}},"type":"if","locations":[{"start":{"line":301,"column":12},"end":{"line":306,"column":13}},{"start":{"line":301,"column":12},"end":{"line":306,"column":13}}],"line":301},"52":{"loc":{"start":{"line":304,"column":19},"end":{"line":306,"column":13}},"type":"if","locations":[{"start":{"line":304,"column":19},"end":{"line":306,"column":13}},{"start":{"line":304,"column":19},"end":{"line":306,"column":13}}],"line":304},"53":{"loc":{"start":{"line":317,"column":12},"end":{"line":322,"column":13}},"type":"if","locations":[{"start":{"line":317,"column":12},"end":{"line":322,"column":13}},{"start":{"line":317,"column":12},"end":{"line":322,"column":13}}],"line":317},"54":{"loc":{"start":{"line":320,"column":19},"end":{"line":322,"column":13}},"type":"if","locations":[{"start":{"line":320,"column":19},"end":{"line":322,"column":13}},{"start":{"line":320,"column":19},"end":{"line":322,"column":13}}],"line":320}},"s":{"0":1,"1":1,"2":1,"3":1,"4":1,"5":2,"6":1,"7":1,"8":21,"9":21,"10":21,"11":21,"12":10,"13":11,"14":10,"15":10,"16":1,"17":1,"18":1,"19":0,"20":0,"21":0,"22":0,"23":0,"24":0,"25":0,"26":0,"27":1,"28":1,"29":0,"30":0,"31":1,"32":1,"33":1,"34":0,"35":0,"36":0,"37":0,"38":0,"39":0,"40":0,"41":0,"42":1,"43":1,"44":0,"45":0,"46":1,"47":1,"48":1,"49":1,"50":1,"51":1,"52":0,"53":0,"54":1,"55":1,"56":2,"57":2,"58":2,"59":2,"60":0,"61":0,"62":2,"63":2,"64":1,"65":1,"66":0,"67":0,"68":1,"69":1,"70":1,"71":1,"72":0,"73":0,"74":1,"75":1,"76":0,"77":1,"78":1,"79":1,"80":0,"81":0,"82":0,"83":0,"84":0,"85":0,"86":0,"87":0,"88":1,"89":1,"90":0,"91":0,"92":1,"93":1,"94":1,"95":1,"96":1,"97":1,"98":1,"99":1,"100":1,"101":1,"102":0,"103":0,"104":0,"105":0,"106":0,"107":0,"108":0,"109":0,"110":1,"111":1,"112":0,"113":0,"114":1,"115":1,"116":1},"f":{"0":2,"1":21,"2":1,"3":0,"4":1,"5":1,"6":0,"7":1,"8":1,"9":1,"10":2,"11":2,"12":1,"13":1,"14":1,"15":0,"16":1,"17":1,"18":0,"19":1},"b":{"0":[1,1],"1":[10,11],"2":[10,11],"3":[10,1],"4":[1,0],"5":[0,1],"6":[1,0],"7":[0,0],"8":[0,0],"9":[0,0],"10":[0,1],"11":[1,0],"12":[0,1],"13":[1,0],"14":[0,0],"15":[0,0],"16":[0,0],"17":[0,1],"18":[1,0],"19":[1,0],"20":[1,1],"21":[0,1],"22":[1,0],"23":[2,0],"24":[2,2],"25":[0,2],"26":[2,0],"27":[1,1],"28":[0,1],"29":[1,0],"30":[0,1],"31":[1,0],"32":[1,0],"33":[1,0],"34":[0,1],"35":[1,0],"36":[0,0],"37":[0,0],"38":[0,0],"39":[0,1],"40":[1,0],"41":[1,0],"42":[1,0],"43":[1,0],"44":[0,1],"45":[0,1],"46":[0,1],"47":[0,1],"48":[0,1],"49":[1,0],"50":[0,0],"51":[0,0],"52":[0,0],"53":[0,1],"54":[1,0]},"_coverageSchema":"1a1c01bbd47fc00a2c39e90264f33305004495a9","hash":"73fe6a0e18a30e36209cac08e0d34de03778a14b"}
,"/Users/ariannalangwang/Documents/-MCIT/CIS550/HOMEWORK/Homework_02/homework2/server/server.js": {"path":"/Users/ariannalangwang/Documents/-MCIT/CIS550/HOMEWORK/Homework_02/homework2/server/server.js","statementMap":{"0":{"start":{"line":1,"column":16},"end":{"line":1,"column":34}},"1":{"start":{"line":2,"column":19},"end":{"line":2,"column":35}},"2":{"start":{"line":3,"column":11},"end":{"line":3,"column":26}},"3":{"start":{"line":6,"column":15},"end":{"line":6,"column":34}},"4":{"start":{"line":7,"column":15},"end":{"line":7,"column":39}},"5":{"start":{"line":9,"column":12},"end":{"line":9,"column":21}},"6":{"start":{"line":12,"column":0},"end":{"line":12,"column":72}},"7":{"start":{"line":15,"column":0},"end":{"line":15,"column":31}},"8":{"start":{"line":18,"column":0},"end":{"line":18,"column":41}},"9":{"start":{"line":21,"column":0},"end":{"line":21,"column":47}},"10":{"start":{"line":24,"column":0},"end":{"line":24,"column":39}},"11":{"start":{"line":27,"column":0},"end":{"line":27,"column":31}},"12":{"start":{"line":30,"column":0},"end":{"line":30,"column":33}},"13":{"start":{"line":33,"column":0},"end":{"line":33,"column":49}},"14":{"start":{"line":36,"column":0},"end":{"line":36,"column":49}},"15":{"start":{"line":42,"column":0},"end":{"line":44,"column":3}},"16":{"start":{"line":43,"column":4},"end":{"line":43,"column":89}},"17":{"start":{"line":46,"column":0},"end":{"line":46,"column":21}}},"fnMap":{"0":{"name":"(anonymous_0)","decl":{"start":{"line":42,"column":31},"end":{"line":42,"column":32}},"loc":{"start":{"line":42,"column":37},"end":{"line":44,"column":1}},"line":42}},"branchMap":{},"s":{"0":1,"1":1,"2":1,"3":1,"4":1,"5":1,"6":1,"7":1,"8":1,"9":1,"10":1,"11":1,"12":1,"13":1,"14":1,"15":1,"16":1,"17":1},"f":{"0":1},"b":{},"_coverageSchema":"1a1c01bbd47fc00a2c39e90264f33305004495a9","hash":"56f2b0adb151e8451daeb79896568fb09a6bb04a"}
}
