TN:
SF:routes.js
FN:23,hello
FN:38,jersey
FN:62,all_matches
FN:81,(anonymous_3)
FN:96,(anonymous_4)
FN:108,all_players
FN:119,(anonymous_6)
FN:131,(anonymous_7)
FN:148,match
FN:163,(anonymous_9)
FN:179,player
FN:187,(anonymous_11)
FN:199,(anonymous_12)
FN:213,(anonymous_13)
FN:236,search_matches
FN:251,(anonymous_15)
FN:264,(anonymous_16)
FN:276,search_players
FN:300,(anonymous_18)
FN:316,(anonymous_19)
FNF:20
FNH:16
FNDA:2,hello
FNDA:21,jersey
FNDA:1,all_matches
FNDA:0,(anonymous_3)
FNDA:1,(anonymous_4)
FNDA:1,all_players
FNDA:0,(anonymous_6)
FNDA:1,(anonymous_7)
FNDA:1,match
FNDA:1,(anonymous_9)
FNDA:2,player
FNDA:2,(anonymous_11)
FNDA:1,(anonymous_12)
FNDA:1,(anonymous_13)
FNDA:1,search_matches
FNDA:0,(anonymous_15)
FNDA:1,(anonymous_16)
FNDA:1,search_players
FNDA:0,(anonymous_18)
FNDA:1,(anonymous_19)
DA:3,1
DA:4,1
DA:5,1
DA:8,1
DA:15,1
DA:25,2
DA:26,1
DA:28,1
DA:39,21
DA:40,21
DA:41,21
DA:43,21
DA:45,10
DA:46,11
DA:47,10
DA:49,10
DA:52,1
DA:68,1
DA:71,1
DA:74,0
DA:75,0
DA:76,0
DA:83,0
DA:84,0
DA:85,0
DA:86,0
DA:87,0
DA:92,1
DA:97,1
DA:98,0
DA:99,0
DA:100,1
DA:101,1
DA:110,1
DA:114,0
DA:115,0
DA:116,0
DA:121,0
DA:122,0
DA:123,0
DA:124,0
DA:125,0
DA:129,1
DA:132,1
DA:133,0
DA:134,0
DA:135,1
DA:136,1
DA:150,1
DA:152,1
DA:153,1
DA:164,1
DA:165,0
DA:166,0
DA:167,1
DA:168,1
DA:181,2
DA:183,2
DA:184,2
DA:188,2
DA:189,0
DA:190,0
DA:192,2
DA:193,2
DA:194,1
DA:200,1
DA:201,0
DA:202,0
DA:203,1
DA:204,1
DA:208,1
DA:214,1
DA:215,0
DA:216,0
DA:217,1
DA:218,1
DA:223,0
DA:239,1
DA:240,1
DA:241,1
DA:244,0
DA:245,0
DA:246,0
DA:252,0
DA:253,0
DA:254,0
DA:255,0
DA:256,0
DA:260,1
DA:265,1
DA:266,0
DA:267,0
DA:268,1
DA:269,1
DA:279,1
DA:280,1
DA:281,1
DA:282,1
DA:283,1
DA:284,1
DA:285,1
DA:287,1
DA:290,0
DA:291,0
DA:292,0
DA:301,0
DA:302,0
DA:303,0
DA:304,0
DA:305,0
DA:309,1
DA:317,1
DA:318,0
DA:319,0
DA:320,1
DA:321,1
DA:327,1
LF:117
LH:68
BRDA:25,0,0,1
BRDA:25,0,1,1
BRDA:41,1,0,10
BRDA:41,1,1,11
BRDA:43,2,0,10
BRDA:43,2,1,11
BRDA:46,3,0,10
BRDA:46,3,1,1
BRDA:68,4,0,1
BRDA:68,4,1,0
BRDA:71,5,0,0
BRDA:71,5,1,1
BRDA:71,6,0,1
BRDA:71,6,1,0
BRDA:75,7,0,0
BRDA:75,7,1,0
BRDA:83,8,0,0
BRDA:83,8,1,0
BRDA:86,9,0,0
BRDA:86,9,1,0
BRDA:97,10,0,0
BRDA:97,10,1,1
BRDA:100,11,0,1
BRDA:100,11,1,0
BRDA:110,12,0,0
BRDA:110,12,1,1
BRDA:110,13,0,1
BRDA:110,13,1,0
BRDA:115,14,0,0
BRDA:115,14,1,0
BRDA:121,15,0,0
BRDA:121,15,1,0
BRDA:124,16,0,0
BRDA:124,16,1,0
BRDA:132,17,0,0
BRDA:132,17,1,1
BRDA:135,18,0,1
BRDA:135,18,1,0
BRDA:150,19,0,1
BRDA:150,19,1,0
BRDA:150,20,0,1
BRDA:150,20,1,1
BRDA:164,21,0,0
BRDA:164,21,1,1
BRDA:167,22,0,1
BRDA:167,22,1,0
BRDA:181,23,0,2
BRDA:181,23,1,0
BRDA:181,24,0,2
BRDA:181,24,1,2
BRDA:188,25,0,0
BRDA:188,25,1,2
BRDA:192,26,0,2
BRDA:192,26,1,0
BRDA:193,27,0,1
BRDA:193,27,1,1
BRDA:200,28,0,0
BRDA:200,28,1,1
BRDA:203,29,0,1
BRDA:203,29,1,0
BRDA:214,30,0,0
BRDA:214,30,1,1
BRDA:217,31,0,1
BRDA:217,31,1,0
BRDA:239,32,0,1
BRDA:239,32,1,0
BRDA:240,33,0,1
BRDA:240,33,1,0
BRDA:241,34,0,0
BRDA:241,34,1,1
BRDA:241,35,0,1
BRDA:241,35,1,0
BRDA:245,36,0,0
BRDA:245,36,1,0
BRDA:252,37,0,0
BRDA:252,37,1,0
BRDA:255,38,0,0
BRDA:255,38,1,0
BRDA:265,39,0,0
BRDA:265,39,1,1
BRDA:268,40,0,1
BRDA:268,40,1,0
BRDA:279,41,0,1
BRDA:279,41,1,0
BRDA:280,42,0,1
BRDA:280,42,1,0
BRDA:281,43,0,1
BRDA:281,43,1,0
BRDA:282,44,0,0
BRDA:282,44,1,1
BRDA:283,45,0,0
BRDA:283,45,1,1
BRDA:284,46,0,0
BRDA:284,46,1,1
BRDA:285,47,0,0
BRDA:285,47,1,1
BRDA:287,48,0,0
BRDA:287,48,1,1
BRDA:287,49,0,1
BRDA:287,49,1,0
BRDA:291,50,0,0
BRDA:291,50,1,0
BRDA:301,51,0,0
BRDA:301,51,1,0
BRDA:304,52,0,0
BRDA:304,52,1,0
BRDA:317,53,0,0
BRDA:317,53,1,1
BRDA:320,54,0,1
BRDA:320,54,1,0
BRF:110
BRH:50
end_of_record
TN:
SF:server.js
FN:42,(anonymous_0)
FNF:1
FNH:1
FNDA:1,(anonymous_0)
DA:1,1
DA:2,1
DA:3,1
DA:6,1
DA:7,1
DA:9,1
DA:12,1
DA:15,1
DA:18,1
DA:21,1
DA:24,1
DA:27,1
DA:30,1
DA:33,1
DA:36,1
DA:42,1
DA:43,1
DA:46,1
LF:18
LH:18
BRF:0
BRH:0
end_of_record
